Removed Pin From Net: NetName=VCC_3.7V Pin=C2-2
Removed Pin From Net: NetName=VCC_3.7V Pin=C3-2
Removed Pin From Net: NetName=GND Pin=C8-1
Removed Pin From Net: NetName=VCC_3.7V Pin=C8-2
Removed Pin From Net: NetName=GND Pin=C9-1
Removed Pin From Net: NetName=VCC_3.7V Pin=J2-1
Removed Pin From Net: NetName=VCC_3.7V Pin=J3-2
Removed Pin From Net: NetName=VCC_3.7V Pin=L1-2
Removed Pin From Net: NetName=SCL_GAS_1 Pin=Q1-2
Removed Pin From Net: NetName=SCL_GAS_2 Pin=Q1-3
Removed Pin From Net: NetName=SDA_GAS_1 Pin=Q2-2
Removed Pin From Net: NetName=SDA_GAS_2 Pin=Q2-3
Removed Pin From Net: NetName=VCC_3.7V Pin=R7-2
Removed Pin From Net: NetName=SDA_GAS_1 Pin=R13-2
Removed Pin From Net: NetName=SCL_GAS_1 Pin=R14-2
Removed Pin From Net: NetName=VCC_3.7V Pin=R16-1
Removed Pin From Net: NetName=SCL_GAS_2 Pin=R16-2
Removed Pin From Net: NetName=VCC_3.7V Pin=R17-1
Removed Pin From Net: NetName=SDA_GAS_2 Pin=R17-2
Removed Pin From Net: NetName=VCC_3.7V Pin=U1-3
Removed Pin From Net: NetName=VCC_3.7V Pin=U2-VIN
Removed Pin From Net: NetName=VCC_3.7V Pin=U6-1
Removed Pin From Net: NetName=GND Pin=U6-2
Removed Pin From Net: NetName=POWER_BT Pin=U6-3
Removed Member From Class: ClassName=Sensores_2 Member=C8
Removed Member From Class: ClassName=Sensores_2 Member=C9
Removed Member From Class: ClassName=Alimentacion_2 Member=Q1
Removed Member From Class: ClassName=Alimentacion_2 Member=Q2
Removed Member From Class: ClassName=Alimentacion_2 Member=R13
Removed Member From Class: ClassName=Alimentacion_2 Member=R14
Removed Member From Class: ClassName=Alimentacion_2 Member=R16
Removed Member From Class: ClassName=Alimentacion_2 Member=R17
Removed Member From Class: ClassName=Sensores_2 Member=U6
Added Component: Designator=*(NCP114-UDFN4)
Add component. Clean all parameters for all variants
Add component (AddParameter): Name = "Supplier 1"; Value = "RSComponents"; VariantName = "[No Variations]"
Add component (AddParameter): Name = "Supplier 2"; Value = "Digi-Key"; VariantName = "[No Variations]"
Add component (AddParameter): Name = "Supplier Part Number 1"; Value = "1238840"; VariantName = "[No Variations]"
Add component (AddParameter): Name = "Supplier Part Number 2"; Value = "NCP114AMX330TCGOSCT-ND"; VariantName = "[No Variations]"
Added Component: Designator=C?(0603)
Add component. Clean all parameters for all variants
Add component (AddParameter): Name = "LatestRevisionDate"; Value = "17-Jul-2002"; VariantName = "[No Variations]"
Add component (AddParameter): Name = "LatestRevisionNote"; Value = "Re-released for DXP Platform."; VariantName = "[No Variations]"
Add component (AddParameter): Name = "PackageDescription"; Value = "Radial Cap, Thru-Hole; 2 Leads; 0.3 in Pin Spacing"; VariantName = "[No Variations]"
Add component (AddParameter): Name = "PackageReference"; Value = "RAD-0.3"; VariantName = "[No Variations]"
Add component (AddParameter): Name = "Published"; Value = "8-Jun-2000"; VariantName = "[No Variations]"
Add component (AddParameter): Name = "Publisher"; Value = "Altium Limited"; VariantName = "[No Variations]"
Add component (AddParameter): Name = "Supplier 1"; Value = "Farnell"; VariantName = "[No Variations]"
Add component (AddParameter): Name = "Supplier Part Number 1"; Value = "2456110RL"; VariantName = "[No Variations]"
Add component (AddParameter): Name = "Value"; Value = "1uF"; VariantName = "[No Variations]"
Added Component: Designator=C?(0603)
Add component. Clean all parameters for all variants
Add component (AddParameter): Name = "LatestRevisionDate"; Value = "17-Jul-2002"; VariantName = "[No Variations]"
Add component (AddParameter): Name = "LatestRevisionNote"; Value = "Re-released for DXP Platform."; VariantName = "[No Variations]"
Add component (AddParameter): Name = "PackageDescription"; Value = "Radial Cap, Thru-Hole; 2 Leads; 0.3 in Pin Spacing"; VariantName = "[No Variations]"
Add component (AddParameter): Name = "PackageReference"; Value = "RAD-0.3"; VariantName = "[No Variations]"
Add component (AddParameter): Name = "Published"; Value = "8-Jun-2000"; VariantName = "[No Variations]"
Add component (AddParameter): Name = "Publisher"; Value = "Altium Limited"; VariantName = "[No Variations]"
Add component (AddParameter): Name = "Supplier 1"; Value = "Farnell"; VariantName = "[No Variations]"
Add component (AddParameter): Name = "Supplier Part Number 1"; Value = "2456110RL"; VariantName = "[No Variations]"
Add component (AddParameter): Name = "Value"; Value = "1uF"; VariantName = "[No Variations]"
Added Pin To Net: NetName=VCC_3.7V Pin=*-1
Added Pin To Net: NetName=GND Pin=*-2
Added Pin To Net: NetName=POWER_BT Pin=*-3
Added Pin To Net: NetName=VCC_3.7V Pin=C15-2
Added Pin To Net: NetName=GND Pin=C?-1
Added Pin To Net: NetName=GND Pin=C?-1
Added Pin To Net: NetName=VCC_3.7V Pin=C?-2
Added Pin To Net: NetName=VCC_3.7V Pin=R15-2
Added Pin To Net: NetName=VCC_3.7V Pin=U3-VDD
Added Pin To Net: NetName=VCC_3.7V Pin=U5-12
Change Net Name : Old Net Name=VCC_3.7V New Net Name=VCC_3.3V
Added Pin To Net: NetName=VCC_3.7V Pin=*-4
Added Pin To Net: NetName=VCC_3.7V Pin=C2-2
Added Pin To Net: NetName=VCC_3.7V Pin=C3-2
Added Pin To Net: NetName=VCC_3.7V Pin=C?-2
Added Pin To Net: NetName=VCC_3.7V Pin=J2-1
Added Pin To Net: NetName=VCC_3.7V Pin=J3-2
Added Pin To Net: NetName=VCC_3.7V Pin=L1-2
Added Pin To Net: NetName=VCC_3.7V Pin=R7-2
Added Pin To Net: NetName=VCC_3.7V Pin=U1-3
Added Pin To Net: NetName=VCC_3.7V Pin=U2-VIN
Added Net: Name=VCC_3.7V
Change Class Name : Old Net Name=Alimentacion_2 New Net Name=Alimentacion_3
Change Class Name : Old Net Name=Procesador_2 New Net Name=Procesador_3
Change Class Name : Old Net Name=Sensores_2 New Net Name=Sensores_3
Added Member To Class: ClassName=Alimentacion_3 Member=Component * NCP114
Added Member To Class: ClassName=Alimentacion_3 Member=Component C? Cap
Added Member To Class: ClassName=Alimentacion_3 Member=Component C? Cap
