Removed Pin From Net: NetName=MISO_ISP Pin=J3-1
Removed Pin From Net: NetName=VCC_3.3V Pin=J3-2
Removed Pin From Net: NetName=SCLK_ISP Pin=J3-3
Removed Pin From Net: NetName=MOSI_ISP Pin=J3-4
Removed Pin From Net: NetName=RESET_N Pin=J3-5
Removed Pin From Net: NetName=GND Pin=J3-6
Removed Pin From Net: NetName=VBUS Pin=R2-1
Removed Pin From Net: NetName=NetD1_2 Pin=R2-2
Removed Pin From Net: NetName=MOSI_ISP Pin=R9-1
Removed Pin From Net: NetName=MOSI_AC Pin=R9-2
Removed Pin From Net: NetName=SCLK_AC Pin=R11-1
Removed Pin From Net: NetName=VCC_3.3V Pin=R11-2
Removed Pin From Net: NetName=MOSI_AC Pin=R12-1
Removed Pin From Net: NetName=VCC_3.3V Pin=R12-2
Removed Pin From Net: NetName=WAKEUP Pin=S1-2
Removed Pin From Net: NetName=GND Pin=S1-4
Removed Pin From Net: NetName=RESET_N Pin=S2-2
Removed Pin From Net: NetName=GND Pin=S2-4
Removed Member From Class: ClassName=Sensores_3 Member=R11
Removed Member From Class: ClassName=Sensores_3 Member=R12
Added Pin To Net: NetName=D- Pin=J1-2
Added Pin To Net: NetName=D+ Pin=J1-3
Added Pin To Net: NetName=NetD1_2 Pin=R2-1
Added Pin To Net: NetName=VBUS Pin=R2-2
Added Pin To Net: NetName=D- Pin=R3-1
Added Pin To Net: NetName=D+ Pin=R4-1
Added Pin To Net: NetName=MOSI_AC Pin=R9-1
Added Pin To Net: NetName=MOSI_ISP Pin=R9-2
Change Net Name : Old Net Name=ON_DC/DC New Net Name=ON_3.3V/5V
